30-Mar-2018 16:56:35.234 INFO [http-nio-8080-exec-5] org.apache.catalina.core.ApplicationContext.log Manager: init: Associated with Deployer 'Catalina:type=Deployer,host=localhost'
30-Mar-2018 16:56:35.234 INFO [http-nio-8080-exec-5] org.apache.catalina.core.ApplicationContext.log Manager: init: Global resources are available
30-Mar-2018 16:56:35.234 INFO [http-nio-8080-exec-5] org.apache.catalina.core.ApplicationContext.log Manager: list: Listing contexts for virtual host 'localhost'
30-Mar-2018 16:56:35.234 INFO [http-nio-8080-exec-6] org.apache.catalina.core.ApplicationContext.log Manager: list: Listing contexts for virtual host 'localhost'
30-Mar-2018 16:56:35.249 INFO [http-nio-8080-exec-7] org.apache.catalina.core.ApplicationContext.log Manager: undeploy: Undeploying web application at '/maven'
30-Mar-2018 16:56:35.796 INFO [http-nio-8080-exec-8] org.apache.catalina.core.ApplicationContext.log Manager: install: Installing context configuration at 'file:/C:/Users/sm6668/AppData/Local/Temp/context7503217991587895085.xml'
30-Mar-2018 16:56:42.239 INFO [http-nio-8080-exec-9] org.apache.catalina.core.ApplicationContext.log Manager: start: Starting web application '/maven'
30-Mar-2018 17:49:54.850 INFO [http-nio-8080-exec-6] org.apache.catalina.core.ApplicationContext.log Manager: init: Associated with Deployer 'Catalina:type=Deployer,host=localhost'
30-Mar-2018 17:49:54.850 INFO [http-nio-8080-exec-6] org.apache.catalina.core.ApplicationContext.log Manager: init: Global resources are available
30-Mar-2018 17:49:54.850 INFO [http-nio-8080-exec-6] org.apache.catalina.core.ApplicationContext.log Manager: list: Listing contexts for virtual host 'localhost'
30-Mar-2018 17:49:54.850 INFO [http-nio-8080-exec-7] org.apache.catalina.core.ApplicationContext.log Manager: list: Listing contexts for virtual host 'localhost'
30-Mar-2018 17:49:54.866 INFO [http-nio-8080-exec-8] org.apache.catalina.core.ApplicationContext.log Manager: undeploy: Undeploying web application at '/maven'
30-Mar-2018 17:49:55.733 INFO [http-nio-8080-exec-10] org.apache.catalina.core.ApplicationContext.log Manager: install: Installing context configuration at 'file:/C:/Users/sm6668/AppData/Local/Temp/context58283598604812262.xml'
30-Mar-2018 17:49:58.411 INFO [http-nio-8080-exec-11] org.apache.catalina.core.ApplicationContext.log Manager: start: Starting web application '/maven'
30-Mar-2018 18:08:15.624 INFO [http-nio-8080-exec-6] org.apache.catalina.core.ApplicationContext.log Manager: init: Associated with Deployer 'Catalina:type=Deployer,host=localhost'
30-Mar-2018 18:08:15.624 INFO [http-nio-8080-exec-6] org.apache.catalina.core.ApplicationContext.log Manager: init: Global resources are available
30-Mar-2018 18:08:15.624 INFO [http-nio-8080-exec-6] org.apache.catalina.core.ApplicationContext.log Manager: list: Listing contexts for virtual host 'localhost'
30-Mar-2018 18:08:15.627 INFO [http-nio-8080-exec-7] org.apache.catalina.core.ApplicationContext.log Manager: list: Listing contexts for virtual host 'localhost'
30-Mar-2018 18:08:15.628 INFO [http-nio-8080-exec-8] org.apache.catalina.core.ApplicationContext.log Manager: undeploy: Undeploying web application at '/maven'
30-Mar-2018 18:08:16.433 INFO [http-nio-8080-exec-10] org.apache.catalina.core.ApplicationContext.log Manager: install: Installing context configuration at 'file:/C:/Users/sm6668/AppData/Local/Temp/context4044660022052179581.xml'
30-Mar-2018 18:08:19.116 INFO [http-nio-8080-exec-11] org.apache.catalina.core.ApplicationContext.log Manager: start: Starting web application '/maven'
30-Mar-2018 18:12:09.193 INFO [http-nio-8080-exec-6] org.apache.catalina.core.ApplicationContext.log Manager: init: Associated with Deployer 'Catalina:type=Deployer,host=localhost'
30-Mar-2018 18:12:09.193 INFO [http-nio-8080-exec-6] org.apache.catalina.core.ApplicationContext.log Manager: init: Global resources are available
30-Mar-2018 18:12:09.193 INFO [http-nio-8080-exec-6] org.apache.catalina.core.ApplicationContext.log Manager: list: Listing contexts for virtual host 'localhost'
30-Mar-2018 18:12:09.193 INFO [http-nio-8080-exec-7] org.apache.catalina.core.ApplicationContext.log Manager: list: Listing contexts for virtual host 'localhost'
30-Mar-2018 18:12:09.208 INFO [http-nio-8080-exec-8] org.apache.catalina.core.ApplicationContext.log Manager: undeploy: Undeploying web application at '/maven'
30-Mar-2018 18:12:09.965 INFO [http-nio-8080-exec-10] org.apache.catalina.core.ApplicationContext.log Manager: install: Installing context configuration at 'file:/C:/Users/sm6668/AppData/Local/Temp/context7316815449406639126.xml'
30-Mar-2018 18:12:12.561 INFO [http-nio-8080-exec-11] org.apache.catalina.core.ApplicationContext.log Manager: start: Starting web application '/maven'
30-Mar-2018 18:16:12.505 INFO [http-nio-8080-exec-6] org.apache.catalina.core.ApplicationContext.log Manager: init: Associated with Deployer 'Catalina:type=Deployer,host=localhost'
30-Mar-2018 18:16:12.505 INFO [http-nio-8080-exec-6] org.apache.catalina.core.ApplicationContext.log Manager: init: Global resources are available
30-Mar-2018 18:16:12.505 INFO [http-nio-8080-exec-6] org.apache.catalina.core.ApplicationContext.log Manager: list: Listing contexts for virtual host 'localhost'
30-Mar-2018 18:16:12.505 INFO [http-nio-8080-exec-7] org.apache.catalina.core.ApplicationContext.log Manager: list: Listing contexts for virtual host 'localhost'
30-Mar-2018 18:16:12.521 INFO [http-nio-8080-exec-8] org.apache.catalina.core.ApplicationContext.log Manager: undeploy: Undeploying web application at '/maven'
30-Mar-2018 18:16:13.302 INFO [http-nio-8080-exec-10] org.apache.catalina.core.ApplicationContext.log Manager: install: Installing context configuration at 'file:/C:/Users/sm6668/AppData/Local/Temp/context6698596751223032045.xml'
30-Mar-2018 18:16:15.973 INFO [http-nio-8080-exec-11] org.apache.catalina.core.ApplicationContext.log Manager: start: Starting web application '/maven'
30-Mar-2018 18:20:45.069 INFO [http-nio-8080-exec-6] org.apache.catalina.core.ApplicationContext.log Manager: init: Associated with Deployer 'Catalina:type=Deployer,host=localhost'
30-Mar-2018 18:20:45.069 INFO [http-nio-8080-exec-6] org.apache.catalina.core.ApplicationContext.log Manager: init: Global resources are available
30-Mar-2018 18:20:45.069 INFO [http-nio-8080-exec-6] org.apache.catalina.core.ApplicationContext.log Manager: list: Listing contexts for virtual host 'localhost'
30-Mar-2018 18:20:45.069 INFO [http-nio-8080-exec-7] org.apache.catalina.core.ApplicationContext.log Manager: list: Listing contexts for virtual host 'localhost'
30-Mar-2018 18:20:45.085 INFO [http-nio-8080-exec-8] org.apache.catalina.core.ApplicationContext.log Manager: undeploy: Undeploying web application at '/maven'
30-Mar-2018 18:20:45.975 INFO [http-nio-8080-exec-10] org.apache.catalina.core.ApplicationContext.log Manager: install: Installing context configuration at 'file:/C:/Users/sm6668/AppData/Local/Temp/context5445321401546548361.xml'
30-Mar-2018 18:20:48.626 INFO [http-nio-8080-exec-11] org.apache.catalina.core.ApplicationContext.log Manager: start: Starting web application '/maven'
30-Mar-2018 18:29:28.229 INFO [http-nio-8080-exec-6] org.apache.catalina.core.ApplicationContext.log Manager: init: Associated with Deployer 'Catalina:type=Deployer,host=localhost'
30-Mar-2018 18:29:28.229 INFO [http-nio-8080-exec-6] org.apache.catalina.core.ApplicationContext.log Manager: init: Global resources are available
30-Mar-2018 18:29:28.229 INFO [http-nio-8080-exec-6] org.apache.catalina.core.ApplicationContext.log Manager: list: Listing contexts for virtual host 'localhost'
30-Mar-2018 18:29:28.229 INFO [http-nio-8080-exec-7] org.apache.catalina.core.ApplicationContext.log Manager: list: Listing contexts for virtual host 'localhost'
30-Mar-2018 18:29:28.244 INFO [http-nio-8080-exec-8] org.apache.catalina.core.ApplicationContext.log Manager: undeploy: Undeploying web application at '/maven'
30-Mar-2018 18:29:29.196 INFO [http-nio-8080-exec-10] org.apache.catalina.core.ApplicationContext.log Manager: install: Installing context configuration at 'file:/C:/Users/sm6668/AppData/Local/Temp/context3228983694298438496.xml'
30-Mar-2018 18:29:31.819 INFO [http-nio-8080-exec-11] org.apache.catalina.core.ApplicationContext.log Manager: start: Starting web application '/maven'
30-Mar-2018 18:38:11.000 INFO [http-nio-8080-exec-6] org.apache.catalina.core.ApplicationContext.log Manager: init: Associated with Deployer 'Catalina:type=Deployer,host=localhost'
30-Mar-2018 18:38:11.000 INFO [http-nio-8080-exec-6] org.apache.catalina.core.ApplicationContext.log Manager: init: Global resources are available
30-Mar-2018 18:38:11.000 INFO [http-nio-8080-exec-6] org.apache.catalina.core.ApplicationContext.log Manager: list: Listing contexts for virtual host 'localhost'
30-Mar-2018 18:38:11.000 INFO [http-nio-8080-exec-7] org.apache.catalina.core.ApplicationContext.log Manager: list: Listing contexts for virtual host 'localhost'
30-Mar-2018 18:38:11.016 INFO [http-nio-8080-exec-8] org.apache.catalina.core.ApplicationContext.log Manager: undeploy: Undeploying web application at '/maven'
30-Mar-2018 18:38:11.749 INFO [http-nio-8080-exec-10] org.apache.catalina.core.ApplicationContext.log Manager: install: Installing context configuration at 'file:/C:/Users/sm6668/AppData/Local/Temp/context3956639743993196066.xml'
30-Mar-2018 18:38:14.390 INFO [http-nio-8080-exec-11] org.apache.catalina.core.ApplicationContext.log Manager: start: Starting web application '/maven'
30-Mar-2018 18:42:17.829 INFO [http-nio-8080-exec-6] org.apache.catalina.core.ApplicationContext.log Manager: init: Associated with Deployer 'Catalina:type=Deployer,host=localhost'
30-Mar-2018 18:42:17.829 INFO [http-nio-8080-exec-6] org.apache.catalina.core.ApplicationContext.log Manager: init: Global resources are available
30-Mar-2018 18:42:17.829 INFO [http-nio-8080-exec-6] org.apache.catalina.core.ApplicationContext.log Manager: list: Listing contexts for virtual host 'localhost'
30-Mar-2018 18:42:17.829 INFO [http-nio-8080-exec-7] org.apache.catalina.core.ApplicationContext.log Manager: list: Listing contexts for virtual host 'localhost'
30-Mar-2018 18:42:17.829 INFO [http-nio-8080-exec-8] org.apache.catalina.core.ApplicationContext.log Manager: undeploy: Undeploying web application at '/maven'
30-Mar-2018 18:42:18.603 INFO [http-nio-8080-exec-10] org.apache.catalina.core.ApplicationContext.log Manager: install: Installing context configuration at 'file:/C:/Users/sm6668/AppData/Local/Temp/context3984587251516234422.xml'
30-Mar-2018 18:42:21.221 INFO [http-nio-8080-exec-11] org.apache.catalina.core.ApplicationContext.log Manager: start: Starting web application '/maven'
30-Mar-2018 18:53:31.445 INFO [http-nio-8080-exec-6] org.apache.catalina.core.ApplicationContext.log Manager: init: Associated with Deployer 'Catalina:type=Deployer,host=localhost'
30-Mar-2018 18:53:31.445 INFO [http-nio-8080-exec-6] org.apache.catalina.core.ApplicationContext.log Manager: init: Global resources are available
30-Mar-2018 18:53:31.446 INFO [http-nio-8080-exec-6] org.apache.catalina.core.ApplicationContext.log Manager: list: Listing contexts for virtual host 'localhost'
30-Mar-2018 18:53:31.448 INFO [http-nio-8080-exec-7] org.apache.catalina.core.ApplicationContext.log Manager: list: Listing contexts for virtual host 'localhost'
30-Mar-2018 18:53:31.458 INFO [http-nio-8080-exec-8] org.apache.catalina.core.ApplicationContext.log Manager: undeploy: Undeploying web application at '/maven'
30-Mar-2018 18:53:32.402 INFO [http-nio-8080-exec-10] org.apache.catalina.core.ApplicationContext.log Manager: install: Installing context configuration at 'file:/C:/Users/sm6668/AppData/Local/Temp/context3151055003895928831.xml'
30-Mar-2018 18:53:34.994 INFO [http-nio-8080-exec-11] org.apache.catalina.core.ApplicationContext.log Manager: start: Starting web application '/maven'
30-Mar-2018 22:07:58.681 INFO [http-nio-8080-exec-8] org.apache.catalina.core.ApplicationContext.log Manager: init: Associated with Deployer 'Catalina:type=Deployer,host=localhost'
30-Mar-2018 22:07:58.685 INFO [http-nio-8080-exec-8] org.apache.catalina.core.ApplicationContext.log Manager: init: Global resources are available
30-Mar-2018 22:07:58.685 INFO [http-nio-8080-exec-8] org.apache.catalina.core.ApplicationContext.log Manager: list: Listing contexts for virtual host 'localhost'
30-Mar-2018 22:07:58.745 INFO [http-nio-8080-exec-8] org.apache.catalina.core.ApplicationContext.log Manager: list: Listing contexts for virtual host 'localhost'
30-Mar-2018 22:07:59.605 INFO [http-nio-8080-exec-2] org.apache.catalina.core.ApplicationContext.log Manager: install: Installing context configuration at 'file:/C:/Users/Steve/AppData/Local/Temp/context8964250355582328499.xml'
30-Mar-2018 22:09:21.639 INFO [http-nio-8080-exec-3] org.apache.catalina.core.ApplicationContext.log Manager: start: Starting web application '/maven'
30-Mar-2018 22:17:56.372 INFO [http-nio-8080-exec-5] org.apache.catalina.core.ApplicationContext.log Manager: list: Listing contexts for virtual host 'localhost'
30-Mar-2018 22:18:36.234 INFO [http-nio-8080-exec-5] org.apache.catalina.core.ApplicationContext.log Manager: list: Listing contexts for virtual host 'localhost'
30-Mar-2018 22:25:12.466 INFO [http-nio-8080-exec-5] org.apache.catalina.core.ApplicationContext.log Manager: list: Listing contexts for virtual host 'localhost'
30-Mar-2018 22:25:17.977 INFO [http-nio-8080-exec-10] org.apache.catalina.core.ApplicationContext.log Manager: restart: Reloading web application '/maven'
30-Mar-2018 22:26:24.160 INFO [http-nio-8080-exec-11] org.apache.catalina.core.ApplicationContext.log Manager: list: Listing contexts for virtual host 'localhost'
30-Mar-2018 22:26:25.081 INFO [http-nio-8080-exec-6] org.apache.catalina.core.ApplicationContext.log Manager: restart: Reloading web application '/maven'
30-Mar-2018 22:28:14.059 INFO [http-nio-8080-exec-12] org.apache.catalina.core.ApplicationContext.log Manager: list: Listing contexts for virtual host 'localhost'
30-Mar-2018 22:28:14.981 INFO [http-nio-8080-exec-13] org.apache.catalina.core.ApplicationContext.log Manager: restart: Reloading web application '/maven'
30-Mar-2018 22:29:04.749 INFO [85] org.apache.catalina.core.ApplicationContext.log Manager: list: Listing contexts for virtual host 'localhost'
30-Mar-2018 23:08:39.828 INFO [http-nio-8080-exec-29] org.apache.catalina.core.ApplicationContext.log Manager: list: Listing contexts for virtual host 'localhost'
30-Mar-2018 23:12:51.366 INFO [http-nio-8080-exec-29] org.apache.catalina.core.ApplicationContext.log Manager: list: Listing contexts for virtual host 'localhost'
30-Mar-2018 23:12:56.304 INFO [http-nio-8080-exec-25] org.apache.catalina.core.ApplicationContext.log Manager: list: Listing contexts for virtual host 'localhost'
30-Mar-2018 23:13:39.368 INFO [http-nio-8080-exec-25] org.apache.catalina.core.ApplicationContext.log Manager: list: Listing contexts for virtual host 'localhost'
30-Mar-2018 23:14:29.215 INFO [http-nio-8080-exec-25] org.apache.catalina.core.ApplicationContext.log Manager: list: Listing contexts for virtual host 'localhost'
30-Mar-2018 23:15:36.985 INFO [http-nio-8080-exec-30] org.apache.catalina.core.ApplicationContext.log Manager: list: Listing contexts for virtual host 'localhost'
30-Mar-2018 23:19:02.271 INFO [http-nio-8080-exec-21] org.apache.catalina.core.ApplicationContext.log Manager: list: Listing contexts for virtual host 'localhost'
