14-Apr-2018 11:21:42.789 INFO [http-nio-8080-exec-5] org.apache.catalina.core.ApplicationContext.log Manager: init: Associated with Deployer 'Catalina:type=Deployer,host=localhost'
14-Apr-2018 11:21:42.789 INFO [http-nio-8080-exec-5] org.apache.catalina.core.ApplicationContext.log Manager: init: Global resources are available
14-Apr-2018 11:21:42.789 INFO [http-nio-8080-exec-5] org.apache.catalina.core.ApplicationContext.log Manager: list: Listing contexts for virtual host 'localhost'
14-Apr-2018 11:21:42.789 INFO [http-nio-8080-exec-6] org.apache.catalina.core.ApplicationContext.log Manager: undeploy: Undeploying web application at '/maven'
14-Apr-2018 11:21:43.414 INFO [http-nio-8080-exec-7] org.apache.catalina.core.ApplicationContext.log Manager: install: Installing context configuration at 'file:/C:/Users/sm6668/AppData/Local/Temp/context1118945407214721116.xml'
14-Apr-2018 11:21:49.260 INFO [http-nio-8080-exec-8] org.apache.catalina.core.ApplicationContext.log Manager: start: Starting web application '/maven'
14-Apr-2018 11:23:51.327 INFO [http-nio-8080-exec-9] org.apache.catalina.core.ApplicationContext.log Manager: list: Listing contexts for virtual host 'localhost'
14-Apr-2018 11:23:51.952 INFO [http-nio-8080-exec-10] org.apache.catalina.core.ApplicationContext.log Manager: restart: Reloading web application '/maven'
14-Apr-2018 11:24:19.623 INFO [http-nio-8080-exec-13] org.apache.catalina.core.ApplicationContext.log Manager: list: Listing contexts for virtual host 'localhost'
14-Apr-2018 11:24:19.623 INFO [http-nio-8080-exec-8] org.apache.catalina.core.ApplicationContext.log Manager: list: Listing contexts for virtual host 'localhost'
14-Apr-2018 11:24:19.639 INFO [http-nio-8080-exec-9] org.apache.catalina.core.ApplicationContext.log Manager: undeploy: Undeploying web application at '/maven'
14-Apr-2018 11:24:20.523 INFO [http-nio-8080-exec-16] org.apache.catalina.core.ApplicationContext.log Manager: install: Installing context configuration at 'file:/C:/Users/sm6668/AppData/Local/Temp/context1553934340982561260.xml'
14-Apr-2018 11:24:23.906 SEVERE [http-nio-8080-exec-16] org.apache.catalina.core.ApplicationContext.log Manager: ManagerServlet.install[/maven]
 javax.management.InstanceNotFoundException: Catalina:type=Deployer,host=localhost
	at com.sun.jmx.interceptor.DefaultMBeanServerInterceptor.getMBean(DefaultMBeanServerInterceptor.java:1095)
	at com.sun.jmx.interceptor.DefaultMBeanServerInterceptor.invoke(DefaultMBeanServerInterceptor.java:816)
	at com.sun.jmx.mbeanserver.JmxMBeanServer.invoke(JmxMBeanServer.java:801)
	at org.apache.catalina.manager.ManagerServlet.removeServiced(ManagerServlet.java:1528)
	at org.apache.catalina.manager.ManagerServlet.deploy(ManagerServlet.java:906)
	at org.apache.catalina.manager.ManagerServlet.doGet(ManagerServlet.java:336)
	at javax.servlet.http.HttpServlet.service(HttpServlet.java:622)
	at javax.servlet.http.HttpServlet.service(HttpServlet.java:729)
	at org.apache.catalina.core.ApplicationFilterChain.internalDoFilter(ApplicationFilterChain.java:230)
	at org.apache.catalina.core.ApplicationFilterChain.doFilter(ApplicationFilterChain.java:165)
	at org.apache.tomcat.websocket.server.WsFilter.doFilter(WsFilter.java:52)
	at org.apache.catalina.core.ApplicationFilterChain.internalDoFilter(ApplicationFilterChain.java:192)
	at org.apache.catalina.core.ApplicationFilterChain.doFilter(ApplicationFilterChain.java:165)
	at org.apache.catalina.filters.SetCharacterEncodingFilter.doFilter(SetCharacterEncodingFilter.java:108)
	at org.apache.catalina.core.ApplicationFilterChain.internalDoFilter(ApplicationFilterChain.java:192)
	at org.apache.catalina.core.ApplicationFilterChain.doFilter(ApplicationFilterChain.java:165)
	at org.apache.catalina.core.StandardWrapperValve.invoke(StandardWrapperValve.java:198)
	at org.apache.catalina.core.StandardContextValve.invoke(StandardContextValve.java:108)
	at org.apache.tomee.catalina.OpenEJBValve.invoke(OpenEJBValve.java:44)
	at org.apache.catalina.authenticator.AuthenticatorBase.invoke(AuthenticatorBase.java:589)
	at org.apache.catalina.valves.RequestFilterValve.process(RequestFilterValve.java:319)
	at org.apache.catalina.valves.RemoteAddrValve.invoke(RemoteAddrValve.java:88)
	at org.apache.catalina.core.StandardHostValve.invoke(StandardHostValve.java:140)
	at org.apache.catalina.valves.ErrorReportValve.invoke(ErrorReportValve.java:79)
	at org.apache.tomee.catalina.OpenEJBSecurityListener$RequestCapturer.invoke(OpenEJBSecurityListener.java:97)
	at org.apache.catalina.valves.AbstractAccessLogValve.invoke(AbstractAccessLogValve.java:620)
	at org.apache.catalina.core.StandardEngineValve.invoke(StandardEngineValve.java:87)
	at org.apache.catalina.connector.CoyoteAdapter.service(CoyoteAdapter.java:349)
	at org.apache.coyote.http11.Http11Processor.service(Http11Processor.java:784)
	at org.apache.coyote.AbstractProcessorLight.process(AbstractProcessorLight.java:66)
	at org.apache.coyote.AbstractProtocol$ConnectionHandler.process(AbstractProtocol.java:802)
	at org.apache.tomcat.util.net.NioEndpoint$SocketProcessor.doRun(NioEndpoint.java:1410)
	at org.apache.tomcat.util.net.SocketProcessorBase.run(SocketProcessorBase.java:49)
	at java.util.concurrent.ThreadPoolExecutor.runWorker(ThreadPoolExecutor.java:1142)
	at java.util.concurrent.ThreadPoolExecutor$Worker.run(ThreadPoolExecutor.java:617)
	at org.apache.tomcat.util.threads.TaskThread$WrappingRunnable.run(TaskThread.java:61)
	at java.lang.Thread.run(Thread.java:748)

14-Apr-2018 11:24:57.930 INFO [http-nio-8080-exec-8] org.apache.catalina.core.ApplicationContext.log Manager: init: Associated with Deployer 'Catalina:type=Deployer,host=localhost'
14-Apr-2018 11:24:57.930 INFO [http-nio-8080-exec-8] org.apache.catalina.core.ApplicationContext.log Manager: init: Global resources are available
14-Apr-2018 11:24:57.930 INFO [http-nio-8080-exec-8] org.apache.catalina.core.ApplicationContext.log Manager: list: Listing contexts for virtual host 'localhost'
14-Apr-2018 11:24:57.930 INFO [http-nio-8080-exec-9] org.apache.catalina.core.ApplicationContext.log Manager: list: Listing contexts for virtual host 'localhost'
14-Apr-2018 11:24:57.946 INFO [http-nio-8080-exec-10] org.apache.catalina.core.ApplicationContext.log Manager: undeploy: Undeploying web application at '/maven'
14-Apr-2018 11:24:58.650 INFO [http-nio-8080-exec-4] org.apache.catalina.core.ApplicationContext.log Manager: install: Installing context configuration at 'file:/C:/Users/sm6668/AppData/Local/Temp/context6557113373266758657.xml'
14-Apr-2018 11:25:00.752 INFO [http-nio-8080-exec-2] org.apache.catalina.core.ApplicationContext.log Manager: start: Starting web application '/maven'
14-Apr-2018 11:28:50.719 INFO [http-nio-8080-exec-20] org.apache.catalina.core.ApplicationContext.log Manager: list: Listing contexts for virtual host 'localhost'
14-Apr-2018 11:32:31.736 INFO [http-nio-8080-exec-12] org.apache.catalina.core.ApplicationContext.log Manager: list: Listing contexts for virtual host 'localhost'
14-Apr-2018 11:34:03.365 INFO [http-nio-8080-exec-14] org.apache.catalina.core.ApplicationContext.log Manager: list: Listing contexts for virtual host 'localhost'
14-Apr-2018 11:35:26.454 INFO [http-nio-8080-exec-20] org.apache.catalina.core.ApplicationContext.log Manager: list: Listing contexts for virtual host 'localhost'
14-Apr-2018 11:37:13.243 INFO [http-nio-8080-exec-15] org.apache.catalina.core.ApplicationContext.log Manager: list: Listing contexts for virtual host 'localhost'
14-Apr-2018 11:38:33.564 INFO [http-nio-8080-exec-12] org.apache.catalina.core.ApplicationContext.log Manager: list: Listing contexts for virtual host 'localhost'
14-Apr-2018 11:39:49.525 INFO [http-nio-8080-exec-16] org.apache.catalina.core.ApplicationContext.log Manager: list: Listing contexts for virtual host 'localhost'
14-Apr-2018 11:40:45.243 INFO [http-nio-8080-exec-13] org.apache.catalina.core.ApplicationContext.log Manager: list: Listing contexts for virtual host 'localhost'
14-Apr-2018 11:41:18.360 INFO [http-nio-8080-exec-14] org.apache.catalina.core.ApplicationContext.log Manager: list: Listing contexts for virtual host 'localhost'
14-Apr-2018 11:46:45.416 INFO [http-nio-8080-exec-20] org.apache.catalina.core.ApplicationContext.log Manager: list: Listing contexts for virtual host 'localhost'
14-Apr-2018 11:47:15.472 INFO [http-nio-8080-exec-16] org.apache.catalina.core.ApplicationContext.log Manager: list: Listing contexts for virtual host 'localhost'
14-Apr-2018 11:48:10.762 INFO [http-nio-8080-exec-18] org.apache.catalina.core.ApplicationContext.log Manager: list: Listing contexts for virtual host 'localhost'
14-Apr-2018 11:49:02.366 INFO [http-nio-8080-exec-18] org.apache.catalina.core.ApplicationContext.log Manager: list: Listing contexts for virtual host 'localhost'
14-Apr-2018 11:50:11.847 INFO [http-nio-8080-exec-18] org.apache.catalina.core.ApplicationContext.log Manager: list: Listing contexts for virtual host 'localhost'
14-Apr-2018 11:50:28.609 INFO [http-nio-8080-exec-16] org.apache.catalina.core.ApplicationContext.log Manager: list: Listing contexts for virtual host 'localhost'
14-Apr-2018 11:56:19.976 INFO [http-nio-8080-exec-19] org.apache.catalina.core.ApplicationContext.log Manager: list: Listing contexts for virtual host 'localhost'
14-Apr-2018 11:56:45.530 INFO [http-nio-8080-exec-11] org.apache.catalina.core.ApplicationContext.log Manager: list: Listing contexts for virtual host 'localhost'
14-Apr-2018 11:56:45.737 INFO [http-nio-8080-exec-13] org.apache.catalina.core.ApplicationContext.log Manager: restart: Reloading web application '/maven'
14-Apr-2018 12:00:36.219 INFO [http-nio-8080-exec-21] org.apache.catalina.core.ApplicationContext.log Manager: list: Listing contexts for virtual host 'localhost'
14-Apr-2018 12:00:36.319 INFO [http-nio-8080-exec-25] org.apache.catalina.core.ApplicationContext.log Manager: restart: Reloading web application '/maven'
14-Apr-2018 12:07:10.302 INFO [http-nio-8080-exec-31] org.apache.catalina.core.ApplicationContext.log Manager: list: Listing contexts for virtual host 'localhost'
14-Apr-2018 12:07:10.417 INFO [http-nio-8080-exec-36] org.apache.catalina.core.ApplicationContext.log Manager: restart: Reloading web application '/maven'
14-Apr-2018 12:10:16.719 INFO [http-nio-8080-exec-44] org.apache.catalina.core.ApplicationContext.log Manager: list: Listing contexts for virtual host 'localhost'
14-Apr-2018 12:10:16.885 INFO [http-nio-8080-exec-45] org.apache.catalina.core.ApplicationContext.log Manager: restart: Reloading web application '/maven'
14-Apr-2018 12:11:04.966 INFO [http-nio-8080-exec-38] org.apache.catalina.core.ApplicationContext.log Manager: list: Listing contexts for virtual host 'localhost'
14-Apr-2018 12:11:05.097 INFO [http-nio-8080-exec-47] org.apache.catalina.core.ApplicationContext.log Manager: restart: Reloading web application '/maven'
14-Apr-2018 12:16:30.192 INFO [http-nio-8080-exec-53] org.apache.catalina.core.ApplicationContext.log Manager: list: Listing contexts for virtual host 'localhost'
14-Apr-2018 12:17:11.160 INFO [http-nio-8080-exec-61] org.apache.catalina.core.ApplicationContext.log Manager: list: Listing contexts for virtual host 'localhost'
14-Apr-2018 12:18:06.059 INFO [http-nio-8080-exec-61] org.apache.catalina.core.ApplicationContext.log Manager: list: Listing contexts for virtual host 'localhost'
14-Apr-2018 12:29:46.714 INFO [http-nio-8080-exec-60] org.apache.catalina.core.ApplicationContext.log Manager: list: Listing contexts for virtual host 'localhost'
14-Apr-2018 12:30:08.916 INFO [http-nio-8080-exec-54] org.apache.catalina.core.ApplicationContext.log Manager: list: Listing contexts for virtual host 'localhost'
14-Apr-2018 12:30:45.941 INFO [http-nio-8080-exec-55] org.apache.catalina.core.ApplicationContext.log Manager: list: Listing contexts for virtual host 'localhost'
14-Apr-2018 12:32:06.259 INFO [http-nio-8080-exec-53] org.apache.catalina.core.ApplicationContext.log Manager: list: Listing contexts for virtual host 'localhost'
14-Apr-2018 12:33:40.478 INFO [http-nio-8080-exec-53] org.apache.catalina.core.ApplicationContext.log Manager: list: Listing contexts for virtual host 'localhost'
14-Apr-2018 12:33:51.344 INFO [http-nio-8080-exec-62] org.apache.catalina.core.ApplicationContext.log Manager: list: Listing contexts for virtual host 'localhost'
14-Apr-2018 12:34:25.549 INFO [http-nio-8080-exec-62] org.apache.catalina.core.ApplicationContext.log Manager: list: Listing contexts for virtual host 'localhost'
14-Apr-2018 12:34:40.915 INFO [http-nio-8080-exec-60] org.apache.catalina.core.ApplicationContext.log Manager: list: Listing contexts for virtual host 'localhost'
14-Apr-2018 12:35:42.533 INFO [http-nio-8080-exec-54] org.apache.catalina.core.ApplicationContext.log Manager: list: Listing contexts for virtual host 'localhost'
14-Apr-2018 12:37:18.005 INFO [http-nio-8080-exec-57] org.apache.catalina.core.ApplicationContext.log Manager: list: Listing contexts for virtual host 'localhost'
14-Apr-2018 12:37:26.216 INFO [http-nio-8080-exec-61] org.apache.catalina.core.ApplicationContext.log Manager: list: Listing contexts for virtual host 'localhost'
14-Apr-2018 12:37:38.288 INFO [http-nio-8080-exec-59] org.apache.catalina.core.ApplicationContext.log Manager: list: Listing contexts for virtual host 'localhost'
14-Apr-2018 12:39:20.783 INFO [http-nio-8080-exec-56] org.apache.catalina.core.ApplicationContext.log Manager: list: Listing contexts for virtual host 'localhost'
14-Apr-2018 12:44:22.241 INFO [http-nio-8080-exec-56] org.apache.catalina.core.ApplicationContext.log Manager: list: Listing contexts for virtual host 'localhost'
14-Apr-2018 12:45:40.987 INFO [http-nio-8080-exec-57] org.apache.catalina.core.ApplicationContext.log Manager: list: Listing contexts for virtual host 'localhost'
14-Apr-2018 12:45:48.149 INFO [http-nio-8080-exec-59] org.apache.catalina.core.ApplicationContext.log Manager: list: Listing contexts for virtual host 'localhost'
14-Apr-2018 12:47:12.616 INFO [http-nio-8080-exec-56] org.apache.catalina.core.ApplicationContext.log Manager: list: Listing contexts for virtual host 'localhost'
14-Apr-2018 12:50:23.009 INFO [http-nio-8080-exec-55] org.apache.catalina.core.ApplicationContext.log Manager: list: Listing contexts for virtual host 'localhost'
14-Apr-2018 12:50:23.152 INFO [http-nio-8080-exec-56] org.apache.catalina.core.ApplicationContext.log Manager: restart: Reloading web application '/maven'
14-Apr-2018 12:53:04.020 INFO [http-nio-8080-exec-66] org.apache.catalina.core.ApplicationContext.log Manager: list: Listing contexts for virtual host 'localhost'
14-Apr-2018 12:57:10.935 INFO [http-nio-8080-exec-72] org.apache.catalina.core.ApplicationContext.log Manager: list: Listing contexts for virtual host 'localhost'
14-Apr-2018 12:57:48.480 INFO [http-nio-8080-exec-72] org.apache.catalina.core.ApplicationContext.log Manager: list: Listing contexts for virtual host 'localhost'
14-Apr-2018 12:57:56.354 INFO [http-nio-8080-exec-72] org.apache.catalina.core.ApplicationContext.log Manager: list: Listing contexts for virtual host 'localhost'
14-Apr-2018 12:57:58.658 INFO [http-nio-8080-exec-66] org.apache.catalina.core.ApplicationContext.log Manager: list: Listing contexts for virtual host 'localhost'
14-Apr-2018 12:58:31.285 INFO [http-nio-8080-exec-64] org.apache.catalina.core.ApplicationContext.log Manager: list: Listing contexts for virtual host 'localhost'
14-Apr-2018 13:01:58.079 INFO [http-nio-8080-exec-67] org.apache.catalina.core.ApplicationContext.log Manager: list: Listing contexts for virtual host 'localhost'
14-Apr-2018 13:02:12.396 INFO [http-nio-8080-exec-64] org.apache.catalina.core.ApplicationContext.log Manager: list: Listing contexts for virtual host 'localhost'
14-Apr-2018 13:05:12.454 INFO [http-nio-8080-exec-68] org.apache.catalina.core.ApplicationContext.log Manager: list: Listing contexts for virtual host 'localhost'
14-Apr-2018 13:05:18.149 INFO [http-nio-8080-exec-68] org.apache.catalina.core.ApplicationContext.log Manager: list: Listing contexts for virtual host 'localhost'
14-Apr-2018 13:05:38.336 INFO [http-nio-8080-exec-70] org.apache.catalina.core.ApplicationContext.log Manager: list: Listing contexts for virtual host 'localhost'
14-Apr-2018 13:07:05.971 INFO [http-nio-8080-exec-63] org.apache.catalina.core.ApplicationContext.log Manager: list: Listing contexts for virtual host 'localhost'
14-Apr-2018 13:07:13.744 INFO [http-nio-8080-exec-63] org.apache.catalina.core.ApplicationContext.log Manager: list: Listing contexts for virtual host 'localhost'
14-Apr-2018 13:07:51.234 INFO [http-nio-8080-exec-63] org.apache.catalina.core.ApplicationContext.log Manager: list: Listing contexts for virtual host 'localhost'
14-Apr-2018 13:13:49.758 INFO [http-nio-8080-exec-64] org.apache.catalina.core.ApplicationContext.log Manager: list: Listing contexts for virtual host 'localhost'
14-Apr-2018 13:13:49.874 INFO [http-nio-8080-exec-66] org.apache.catalina.core.ApplicationContext.log Manager: restart: Reloading web application '/maven'
14-Apr-2018 13:14:33.524 INFO [http-nio-8080-exec-68] org.apache.catalina.core.ApplicationContext.log Manager: list: Listing contexts for virtual host 'localhost'
14-Apr-2018 13:14:33.700 INFO [http-nio-8080-exec-73] org.apache.catalina.core.ApplicationContext.log Manager: restart: Reloading web application '/maven'
14-Apr-2018 13:15:30.933 INFO [http-nio-8080-exec-70] org.apache.catalina.core.ApplicationContext.log Manager: list: Listing contexts for virtual host 'localhost'
14-Apr-2018 13:15:49.016 INFO [http-nio-8080-exec-70] org.apache.catalina.core.ApplicationContext.log Manager: list: Listing contexts for virtual host 'localhost'
14-Apr-2018 13:15:49.174 INFO [http-nio-8080-exec-68] org.apache.catalina.core.ApplicationContext.log Manager: restart: Reloading web application '/maven'
14-Apr-2018 13:16:25.822 INFO [http-nio-8080-exec-80] org.apache.catalina.core.ApplicationContext.log Manager: list: Listing contexts for virtual host 'localhost'
14-Apr-2018 13:16:25.950 INFO [http-nio-8080-exec-78] org.apache.catalina.core.ApplicationContext.log Manager: restart: Reloading web application '/maven'
14-Apr-2018 13:22:00.059 INFO [http-nio-8080-exec-88] org.apache.catalina.core.ApplicationContext.log Manager: list: Listing contexts for virtual host 'localhost'
14-Apr-2018 13:23:51.992 INFO [http-nio-8080-exec-87] org.apache.catalina.core.ApplicationContext.log Manager: list: Listing contexts for virtual host 'localhost'
14-Apr-2018 13:28:42.529 INFO [http-nio-8080-exec-88] org.apache.catalina.core.ApplicationContext.log Manager: list: Listing contexts for virtual host 'localhost'
14-Apr-2018 13:29:03.770 INFO [http-nio-8080-exec-92] org.apache.catalina.core.ApplicationContext.log Manager: list: Listing contexts for virtual host 'localhost'
14-Apr-2018 13:30:38.435 INFO [http-nio-8080-exec-91] org.apache.catalina.core.ApplicationContext.log Manager: list: Listing contexts for virtual host 'localhost'
14-Apr-2018 13:33:03.977 INFO [http-nio-8080-exec-91] org.apache.catalina.core.ApplicationContext.log Manager: list: Listing contexts for virtual host 'localhost'
14-Apr-2018 13:33:04.112 INFO [http-nio-8080-exec-86] org.apache.catalina.core.ApplicationContext.log Manager: restart: Reloading web application '/maven'
14-Apr-2018 13:35:30.529 INFO [http-nio-8080-exec-100] org.apache.catalina.core.ApplicationContext.log Manager: list: Listing contexts for virtual host 'localhost'
14-Apr-2018 13:35:43.224 INFO [http-nio-8080-exec-99] org.apache.catalina.core.ApplicationContext.log Manager: list: Listing contexts for virtual host 'localhost'
14-Apr-2018 13:36:00.577 INFO [http-nio-8080-exec-102] org.apache.catalina.core.ApplicationContext.log Manager: list: Listing contexts for virtual host 'localhost'
14-Apr-2018 13:36:12.660 INFO [http-nio-8080-exec-99] org.apache.catalina.core.ApplicationContext.log Manager: list: Listing contexts for virtual host 'localhost'
14-Apr-2018 13:36:42.877 INFO [http-nio-8080-exec-103] org.apache.catalina.core.ApplicationContext.log Manager: list: Listing contexts for virtual host 'localhost'
14-Apr-2018 13:45:52.911 INFO [http-nio-8080-exec-102] org.apache.catalina.core.ApplicationContext.log Manager: list: Listing contexts for virtual host 'localhost'
14-Apr-2018 13:45:53.061 INFO [http-nio-8080-exec-103] org.apache.catalina.core.ApplicationContext.log Manager: restart: Reloading web application '/maven'
14-Apr-2018 13:46:38.358 INFO [http-nio-8080-exec-102] org.apache.catalina.core.ApplicationContext.log Manager: list: Listing contexts for virtual host 'localhost'
14-Apr-2018 13:46:38.499 INFO [http-nio-8080-exec-99] org.apache.catalina.core.ApplicationContext.log Manager: restart: Reloading web application '/maven'
14-Apr-2018 13:46:54.866 INFO [http-nio-8080-exec-96] org.apache.catalina.core.ApplicationContext.log Manager: list: Listing contexts for virtual host 'localhost'
14-Apr-2018 13:46:54.998 INFO [http-nio-8080-exec-101] org.apache.catalina.core.ApplicationContext.log Manager: restart: Reloading web application '/maven'
14-Apr-2018 13:48:38.121 INFO [http-nio-8080-exec-110] org.apache.catalina.core.ApplicationContext.log Manager: list: Listing contexts for virtual host 'localhost'
14-Apr-2018 13:48:38.231 INFO [http-nio-8080-exec-113] org.apache.catalina.core.ApplicationContext.log Manager: restart: Reloading web application '/maven'
14-Apr-2018 13:49:57.825 INFO [http-nio-8080-exec-117] org.apache.catalina.core.ApplicationContext.log Manager: list: Listing contexts for virtual host 'localhost'
14-Apr-2018 13:50:46.953 INFO [http-nio-8080-exec-117] org.apache.catalina.core.ApplicationContext.log Manager: list: Listing contexts for virtual host 'localhost'
14-Apr-2018 13:50:47.100 INFO [http-nio-8080-exec-115] org.apache.catalina.core.ApplicationContext.log Manager: restart: Reloading web application '/maven'
14-Apr-2018 13:51:51.608 INFO [http-nio-8080-exec-129] org.apache.catalina.core.ApplicationContext.log Manager: list: Listing contexts for virtual host 'localhost'
14-Apr-2018 13:51:51.718 INFO [http-nio-8080-exec-120] org.apache.catalina.core.ApplicationContext.log Manager: restart: Reloading web application '/maven'
14-Apr-2018 13:53:27.109 INFO [http-nio-8080-exec-118] org.apache.catalina.core.ApplicationContext.log Manager: list: Listing contexts for virtual host 'localhost'
14-Apr-2018 13:53:27.234 INFO [http-nio-8080-exec-129] org.apache.catalina.core.ApplicationContext.log Manager: restart: Reloading web application '/maven'
14-Apr-2018 13:55:51.772 INFO [http-nio-8080-exec-142] org.apache.catalina.core.ApplicationContext.log Manager: list: Listing contexts for virtual host 'localhost'
14-Apr-2018 13:56:38.138 INFO [http-nio-8080-exec-142] org.apache.catalina.core.ApplicationContext.log Manager: list: Listing contexts for virtual host 'localhost'
14-Apr-2018 14:03:27.500 INFO [http-nio-8080-exec-138] org.apache.catalina.core.ApplicationContext.log Manager: list: Listing contexts for virtual host 'localhost'
14-Apr-2018 14:03:27.609 INFO [http-nio-8080-exec-145] org.apache.catalina.core.ApplicationContext.log Manager: restart: Reloading web application '/maven'
14-Apr-2018 14:04:44.728 INFO [http-nio-8080-exec-137] org.apache.catalina.core.ApplicationContext.log Manager: list: Listing contexts for virtual host 'localhost'
14-Apr-2018 14:04:44.853 INFO [http-nio-8080-exec-140] org.apache.catalina.core.ApplicationContext.log Manager: restart: Reloading web application '/maven'
14-Apr-2018 14:05:55.370 INFO [http-nio-8080-exec-151] org.apache.catalina.core.ApplicationContext.log Manager: list: Listing contexts for virtual host 'localhost'
14-Apr-2018 14:05:55.479 INFO [http-nio-8080-exec-154] org.apache.catalina.core.ApplicationContext.log Manager: restart: Reloading web application '/maven'
14-Apr-2018 14:08:21.018 INFO [http-nio-8080-exec-158] org.apache.catalina.core.ApplicationContext.log Manager: list: Listing contexts for virtual host 'localhost'
14-Apr-2018 14:08:21.189 INFO [http-nio-8080-exec-148] org.apache.catalina.core.ApplicationContext.log Manager: restart: Reloading web application '/maven'
14-Apr-2018 14:09:40.149 INFO [http-nio-8080-exec-163] org.apache.catalina.core.ApplicationContext.log Manager: list: Listing contexts for virtual host 'localhost'
14-Apr-2018 14:09:40.272 INFO [http-nio-8080-exec-160] org.apache.catalina.core.ApplicationContext.log Manager: restart: Reloading web application '/maven'
14-Apr-2018 14:10:06.376 INFO [http-nio-8080-exec-171] org.apache.catalina.core.ApplicationContext.log Manager: list: Listing contexts for virtual host 'localhost'
14-Apr-2018 14:10:06.548 INFO [http-nio-8080-exec-165] org.apache.catalina.core.ApplicationContext.log Manager: restart: Reloading web application '/maven'
14-Apr-2018 14:12:39.504 INFO [http-nio-8080-exec-176] org.apache.catalina.core.ApplicationContext.log Manager: list: Listing contexts for virtual host 'localhost'
14-Apr-2018 14:12:39.644 INFO [http-nio-8080-exec-181] org.apache.catalina.core.ApplicationContext.log Manager: restart: Reloading web application '/maven'
14-Apr-2018 14:15:36.306 INFO [http-nio-8080-exec-192] org.apache.catalina.core.ApplicationContext.log Manager: list: Listing contexts for virtual host 'localhost'
14-Apr-2018 14:15:36.447 INFO [http-nio-8080-exec-187] org.apache.catalina.core.ApplicationContext.log Manager: restart: Reloading web application '/maven'
14-Apr-2018 14:17:46.492 INFO [http-nio-8080-exec-201] org.apache.catalina.core.ApplicationContext.log Manager: list: Listing contexts for virtual host 'localhost'
14-Apr-2018 14:17:46.601 INFO [http-nio-8080-exec-202] org.apache.catalina.core.ApplicationContext.log Manager: restart: Reloading web application '/maven'
14-Apr-2018 14:24:10.930 INFO [http-nio-8080-exec-208] org.apache.catalina.core.ApplicationContext.log Manager: list: Listing contexts for virtual host 'localhost'
14-Apr-2018 14:24:11.045 INFO [http-nio-8080-exec-203] org.apache.catalina.core.ApplicationContext.log Manager: restart: Reloading web application '/maven'
14-Apr-2018 14:26:33.556 INFO [http-nio-8080-exec-208] org.apache.catalina.core.ApplicationContext.log Manager: list: Listing contexts for virtual host 'localhost'
14-Apr-2018 14:26:33.743 INFO [http-nio-8080-exec-210] org.apache.catalina.core.ApplicationContext.log Manager: restart: Reloading web application '/maven'
14-Apr-2018 14:38:40.717 INFO [http-nio-8080-exec-221] org.apache.catalina.core.ApplicationContext.log Manager: list: Listing contexts for virtual host 'localhost'
14-Apr-2018 14:38:40.878 INFO [http-nio-8080-exec-228] org.apache.catalina.core.ApplicationContext.log Manager: restart: Reloading web application '/maven'
14-Apr-2018 14:55:03.370 INFO [http-nio-8080-exec-233] org.apache.catalina.core.ApplicationContext.log Manager: list: Listing contexts for virtual host 'localhost'
14-Apr-2018 14:55:03.541 INFO [http-nio-8080-exec-235] org.apache.catalina.core.ApplicationContext.log Manager: restart: Reloading web application '/maven'
14-Apr-2018 14:55:28.008 INFO [http-nio-8080-exec-239] org.apache.catalina.core.ApplicationContext.log Manager: list: Listing contexts for virtual host 'localhost'
14-Apr-2018 14:55:28.132 INFO [http-nio-8080-exec-229] org.apache.catalina.core.ApplicationContext.log Manager: restart: Reloading web application '/maven'
14-Apr-2018 14:56:10.226 INFO [http-nio-8080-exec-242] org.apache.catalina.core.ApplicationContext.log Manager: list: Listing contexts for virtual host 'localhost'
14-Apr-2018 14:56:10.335 INFO [http-nio-8080-exec-234] org.apache.catalina.core.ApplicationContext.log Manager: restart: Reloading web application '/maven'
14-Apr-2018 14:57:17.271 INFO [http-nio-8080-exec-242] org.apache.catalina.core.ApplicationContext.log Manager: list: Listing contexts for virtual host 'localhost'
14-Apr-2018 14:57:17.410 INFO [http-nio-8080-exec-239] org.apache.catalina.core.ApplicationContext.log Manager: restart: Reloading web application '/maven'
14-Apr-2018 15:02:31.033 INFO [http-nio-8080-exec-254] org.apache.catalina.core.ApplicationContext.log Manager: list: Listing contexts for virtual host 'localhost'
14-Apr-2018 15:02:31.199 INFO [http-nio-8080-exec-255] org.apache.catalina.core.ApplicationContext.log Manager: restart: Reloading web application '/maven'
14-Apr-2018 15:03:39.257 INFO [http-nio-8080-exec-258] org.apache.catalina.core.ApplicationContext.log Manager: list: Listing contexts for virtual host 'localhost'
14-Apr-2018 15:04:54.422 INFO [http-nio-8080-exec-262] org.apache.catalina.core.ApplicationContext.log Manager: list: Listing contexts for virtual host 'localhost'
14-Apr-2018 15:05:15.809 INFO [http-nio-8080-exec-262] org.apache.catalina.core.ApplicationContext.log Manager: list: Listing contexts for virtual host 'localhost'
14-Apr-2018 15:05:48.609 INFO [http-nio-8080-exec-262] org.apache.catalina.core.ApplicationContext.log Manager: list: Listing contexts for virtual host 'localhost'
14-Apr-2018 15:09:59.213 INFO [http-nio-8080-exec-264] org.apache.catalina.core.ApplicationContext.log Manager: list: Listing contexts for virtual host 'localhost'
14-Apr-2018 15:09:59.338 INFO [http-nio-8080-exec-261] org.apache.catalina.core.ApplicationContext.log Manager: restart: Reloading web application '/maven'
14-Apr-2018 15:11:27.664 INFO [http-nio-8080-exec-274] org.apache.catalina.core.ApplicationContext.log Manager: list: Listing contexts for virtual host 'localhost'
14-Apr-2018 15:11:27.789 INFO [http-nio-8080-exec-269] org.apache.catalina.core.ApplicationContext.log Manager: restart: Reloading web application '/maven'
14-Apr-2018 15:13:21.179 INFO [http-nio-8080-exec-277] org.apache.catalina.core.ApplicationContext.log Manager: list: Listing contexts for virtual host 'localhost'
14-Apr-2018 15:13:21.336 INFO [http-nio-8080-exec-271] org.apache.catalina.core.ApplicationContext.log Manager: restart: Reloading web application '/maven'
14-Apr-2018 15:14:41.192 INFO [http-nio-8080-exec-286] org.apache.catalina.core.ApplicationContext.log Manager: list: Listing contexts for virtual host 'localhost'
14-Apr-2018 15:14:41.333 INFO [http-nio-8080-exec-268] org.apache.catalina.core.ApplicationContext.log Manager: restart: Reloading web application '/maven'
14-Apr-2018 15:18:33.793 INFO [http-nio-8080-exec-295] org.apache.catalina.core.ApplicationContext.log Manager: list: Listing contexts for virtual host 'localhost'
14-Apr-2018 15:18:33.902 INFO [http-nio-8080-exec-286] org.apache.catalina.core.ApplicationContext.log Manager: restart: Reloading web application '/maven'
14-Apr-2018 15:19:31.866 INFO [http-nio-8080-exec-290] org.apache.catalina.core.ApplicationContext.log Manager: list: Listing contexts for virtual host 'localhost'
14-Apr-2018 15:19:31.966 INFO [http-nio-8080-exec-284] org.apache.catalina.core.ApplicationContext.log Manager: restart: Reloading web application '/maven'
14-Apr-2018 15:24:54.518 INFO [http-nio-8080-exec-312] org.apache.catalina.core.ApplicationContext.log Manager: list: Listing contexts for virtual host 'localhost'
14-Apr-2018 15:24:54.721 INFO [http-nio-8080-exec-304] org.apache.catalina.core.ApplicationContext.log Manager: restart: Reloading web application '/maven'
14-Apr-2018 15:24:56.721 INFO [http-nio-8080-exec-303] org.apache.catalina.core.ApplicationContext.log Manager: list: Listing contexts for virtual host 'localhost'
14-Apr-2018 15:24:56.877 INFO [http-nio-8080-exec-306] org.apache.catalina.core.ApplicationContext.log Manager: restart: Reloading web application '/maven'
14-Apr-2018 15:26:19.664 INFO [http-nio-8080-exec-313] org.apache.catalina.core.ApplicationContext.log Manager: list: Listing contexts for virtual host 'localhost'
14-Apr-2018 15:26:19.789 INFO [http-nio-8080-exec-305] org.apache.catalina.core.ApplicationContext.log Manager: restart: Reloading web application '/maven'
14-Apr-2018 15:33:44.488 INFO [http-nio-8080-exec-323] org.apache.catalina.core.ApplicationContext.log Manager: list: Listing contexts for virtual host 'localhost'
14-Apr-2018 15:33:44.722 INFO [http-nio-8080-exec-324] org.apache.catalina.core.ApplicationContext.log Manager: restart: Reloading web application '/maven'
14-Apr-2018 15:35:00.768 INFO [http-nio-8080-exec-327] org.apache.catalina.core.ApplicationContext.log Manager: list: Listing contexts for virtual host 'localhost'
14-Apr-2018 15:35:00.909 INFO [http-nio-8080-exec-319] org.apache.catalina.core.ApplicationContext.log Manager: restart: Reloading web application '/maven'
14-Apr-2018 15:44:47.917 INFO [http-nio-8080-exec-339] org.apache.catalina.core.ApplicationContext.log Manager: list: Listing contexts for virtual host 'localhost'
14-Apr-2018 15:44:48.104 INFO [http-nio-8080-exec-340] org.apache.catalina.core.ApplicationContext.log Manager: restart: Reloading web application '/maven'
14-Apr-2018 15:44:54.904 INFO [http-nio-8080-exec-336] org.apache.catalina.core.ApplicationContext.log Manager: list: Listing contexts for virtual host 'localhost'
14-Apr-2018 15:44:55.029 INFO [http-nio-8080-exec-344] org.apache.catalina.core.ApplicationContext.log Manager: restart: Reloading web application '/maven'
14-Apr-2018 15:47:49.372 INFO [http-nio-8080-exec-337] org.apache.catalina.core.ApplicationContext.log Manager: list: Listing contexts for virtual host 'localhost'
14-Apr-2018 15:47:49.481 INFO [http-nio-8080-exec-343] org.apache.catalina.core.ApplicationContext.log Manager: restart: Reloading web application '/maven'
14-Apr-2018 15:48:31.968 INFO [http-nio-8080-exec-355] org.apache.catalina.core.ApplicationContext.log Manager: list: Listing contexts for virtual host 'localhost'
14-Apr-2018 15:48:32.075 INFO [http-nio-8080-exec-356] org.apache.catalina.core.ApplicationContext.log Manager: restart: Reloading web application '/maven'
14-Apr-2018 15:50:44.020 INFO [http-nio-8080-exec-346] org.apache.catalina.core.ApplicationContext.log Manager: list: Listing contexts for virtual host 'localhost'
14-Apr-2018 15:50:44.130 INFO [http-nio-8080-exec-365] org.apache.catalina.core.ApplicationContext.log Manager: restart: Reloading web application '/maven'
14-Apr-2018 15:53:22.983 INFO [http-nio-8080-exec-361] org.apache.catalina.core.ApplicationContext.log Manager: list: Listing contexts for virtual host 'localhost'
14-Apr-2018 15:53:23.093 INFO [http-nio-8080-exec-364] org.apache.catalina.core.ApplicationContext.log Manager: restart: Reloading web application '/maven'
14-Apr-2018 15:54:52.330 INFO [http-nio-8080-exec-368] org.apache.catalina.core.ApplicationContext.log Manager: list: Listing contexts for virtual host 'localhost'
14-Apr-2018 15:55:08.180 INFO [http-nio-8080-exec-377] org.apache.catalina.core.ApplicationContext.log Manager: list: Listing contexts for virtual host 'localhost'
14-Apr-2018 15:57:11.499 INFO [http-nio-8080-exec-375] org.apache.catalina.core.ApplicationContext.log Manager: list: Listing contexts for virtual host 'localhost'
14-Apr-2018 15:57:53.158 INFO [http-nio-8080-exec-379] org.apache.catalina.core.ApplicationContext.log Manager: list: Listing contexts for virtual host 'localhost'
14-Apr-2018 15:58:11.543 INFO [http-nio-8080-exec-380] org.apache.catalina.core.ApplicationContext.log Manager: list: Listing contexts for virtual host 'localhost'
14-Apr-2018 15:58:29.270 INFO [http-nio-8080-exec-379] org.apache.catalina.core.ApplicationContext.log Manager: list: Listing contexts for virtual host 'localhost'
14-Apr-2018 15:58:49.604 INFO [http-nio-8080-exec-381] org.apache.catalina.core.ApplicationContext.log Manager: list: Listing contexts for virtual host 'localhost'
14-Apr-2018 16:00:15.955 INFO [http-nio-8080-exec-381] org.apache.catalina.core.ApplicationContext.log Manager: list: Listing contexts for virtual host 'localhost'
14-Apr-2018 16:00:23.326 INFO [http-nio-8080-exec-381] org.apache.catalina.core.ApplicationContext.log Manager: list: Listing contexts for virtual host 'localhost'
14-Apr-2018 16:01:27.832 INFO [http-nio-8080-exec-378] org.apache.catalina.core.ApplicationContext.log Manager: list: Listing contexts for virtual host 'localhost'
14-Apr-2018 16:01:49.561 INFO [http-nio-8080-exec-375] org.apache.catalina.core.ApplicationContext.log Manager: list: Listing contexts for virtual host 'localhost'
14-Apr-2018 16:02:02.897 INFO [http-nio-8080-exec-384] org.apache.catalina.core.ApplicationContext.log Manager: list: Listing contexts for virtual host 'localhost'
14-Apr-2018 16:02:17.997 INFO [http-nio-8080-exec-382] org.apache.catalina.core.ApplicationContext.log Manager: list: Listing contexts for virtual host 'localhost'
14-Apr-2018 16:02:39.449 INFO [http-nio-8080-exec-377] org.apache.catalina.core.ApplicationContext.log Manager: list: Listing contexts for virtual host 'localhost'
14-Apr-2018 16:05:04.198 INFO [http-nio-8080-exec-377] org.apache.catalina.core.ApplicationContext.log Manager: list: Listing contexts for virtual host 'localhost'
14-Apr-2018 16:06:18.384 INFO [http-nio-8080-exec-377] org.apache.catalina.core.ApplicationContext.log Manager: list: Listing contexts for virtual host 'localhost'
14-Apr-2018 16:06:44.192 INFO [http-nio-8080-exec-375] org.apache.catalina.core.ApplicationContext.log Manager: list: Listing contexts for virtual host 'localhost'
14-Apr-2018 16:07:32.436 INFO [http-nio-8080-exec-378] org.apache.catalina.core.ApplicationContext.log Manager: list: Listing contexts for virtual host 'localhost'
14-Apr-2018 16:07:53.647 INFO [http-nio-8080-exec-375] org.apache.catalina.core.ApplicationContext.log Manager: list: Listing contexts for virtual host 'localhost'
14-Apr-2018 16:07:58.100 INFO [http-nio-8080-exec-384] org.apache.catalina.core.ApplicationContext.log Manager: list: Listing contexts for virtual host 'localhost'
14-Apr-2018 16:08:23.650 INFO [http-nio-8080-exec-375] org.apache.catalina.core.ApplicationContext.log Manager: list: Listing contexts for virtual host 'localhost'
14-Apr-2018 16:08:37.519 INFO [http-nio-8080-exec-376] org.apache.catalina.core.ApplicationContext.log Manager: list: Listing contexts for virtual host 'localhost'
14-Apr-2018 16:11:49.230 INFO [http-nio-8080-exec-381] org.apache.catalina.core.ApplicationContext.log Manager: list: Listing contexts for virtual host 'localhost'
14-Apr-2018 16:14:21.827 INFO [http-nio-8080-exec-381] org.apache.catalina.core.ApplicationContext.log Manager: list: Listing contexts for virtual host 'localhost'
14-Apr-2018 16:14:53.732 INFO [http-nio-8080-exec-382] org.apache.catalina.core.ApplicationContext.log Manager: list: Listing contexts for virtual host 'localhost'
14-Apr-2018 16:15:24.733 INFO [http-nio-8080-exec-378] org.apache.catalina.core.ApplicationContext.log Manager: list: Listing contexts for virtual host 'localhost'
14-Apr-2018 16:15:46.928 INFO [http-nio-8080-exec-379] org.apache.catalina.core.ApplicationContext.log Manager: list: Listing contexts for virtual host 'localhost'
14-Apr-2018 16:15:58.422 INFO [http-nio-8080-exec-381] org.apache.catalina.core.ApplicationContext.log Manager: list: Listing contexts for virtual host 'localhost'
14-Apr-2018 16:16:20.153 INFO [http-nio-8080-exec-383] org.apache.catalina.core.ApplicationContext.log Manager: list: Listing contexts for virtual host 'localhost'
14-Apr-2018 16:18:12.212 INFO [http-nio-8080-exec-375] org.apache.catalina.core.ApplicationContext.log Manager: list: Listing contexts for virtual host 'localhost'
14-Apr-2018 16:18:31.402 INFO [http-nio-8080-exec-375] org.apache.catalina.core.ApplicationContext.log Manager: list: Listing contexts for virtual host 'localhost'
14-Apr-2018 16:19:01.387 INFO [http-nio-8080-exec-383] org.apache.catalina.core.ApplicationContext.log Manager: list: Listing contexts for virtual host 'localhost'
14-Apr-2018 16:19:33.204 INFO [http-nio-8080-exec-379] org.apache.catalina.core.ApplicationContext.log Manager: list: Listing contexts for virtual host 'localhost'
14-Apr-2018 16:20:11.781 INFO [http-nio-8080-exec-384] org.apache.catalina.core.ApplicationContext.log Manager: list: Listing contexts for virtual host 'localhost'
14-Apr-2018 16:21:20.659 INFO [http-nio-8080-exec-377] org.apache.catalina.core.ApplicationContext.log Manager: list: Listing contexts for virtual host 'localhost'
14-Apr-2018 16:23:48.371 INFO [http-nio-8080-exec-378] org.apache.catalina.core.ApplicationContext.log Manager: list: Listing contexts for virtual host 'localhost'
14-Apr-2018 16:24:27.208 INFO [http-nio-8080-exec-378] org.apache.catalina.core.ApplicationContext.log Manager: list: Listing contexts for virtual host 'localhost'
14-Apr-2018 16:24:48.642 INFO [http-nio-8080-exec-380] org.apache.catalina.core.ApplicationContext.log Manager: list: Listing contexts for virtual host 'localhost'
14-Apr-2018 16:25:26.231 INFO [http-nio-8080-exec-376] org.apache.catalina.core.ApplicationContext.log Manager: list: Listing contexts for virtual host 'localhost'
14-Apr-2018 16:25:49.026 INFO [http-nio-8080-exec-377] org.apache.catalina.core.ApplicationContext.log Manager: list: Listing contexts for virtual host 'localhost'
14-Apr-2018 16:26:10.943 INFO [http-nio-8080-exec-378] org.apache.catalina.core.ApplicationContext.log Manager: list: Listing contexts for virtual host 'localhost'
14-Apr-2018 16:27:10.836 INFO [http-nio-8080-exec-375] org.apache.catalina.core.ApplicationContext.log Manager: list: Listing contexts for virtual host 'localhost'
14-Apr-2018 16:27:41.725 INFO [http-nio-8080-exec-384] org.apache.catalina.core.ApplicationContext.log Manager: list: Listing contexts for virtual host 'localhost'
14-Apr-2018 16:30:41.094 INFO [http-nio-8080-exec-377] org.apache.catalina.core.ApplicationContext.log Manager: list: Listing contexts for virtual host 'localhost'
14-Apr-2018 16:31:11.805 INFO [http-nio-8080-exec-379] org.apache.catalina.core.ApplicationContext.log Manager: list: Listing contexts for virtual host 'localhost'
14-Apr-2018 16:31:25.589 INFO [http-nio-8080-exec-382] org.apache.catalina.core.ApplicationContext.log Manager: list: Listing contexts for virtual host 'localhost'
14-Apr-2018 16:32:30.890 INFO [http-nio-8080-exec-378] org.apache.catalina.core.ApplicationContext.log Manager: list: Listing contexts for virtual host 'localhost'
14-Apr-2018 16:32:40.565 INFO [http-nio-8080-exec-378] org.apache.catalina.core.ApplicationContext.log Manager: list: Listing contexts for virtual host 'localhost'
14-Apr-2018 16:32:53.114 INFO [http-nio-8080-exec-380] org.apache.catalina.core.ApplicationContext.log Manager: list: Listing contexts for virtual host 'localhost'
14-Apr-2018 16:34:22.636 INFO [http-nio-8080-exec-378] org.apache.catalina.core.ApplicationContext.log Manager: list: Listing contexts for virtual host 'localhost'
14-Apr-2018 16:35:14.481 INFO [http-nio-8080-exec-384] org.apache.catalina.core.ApplicationContext.log Manager: list: Listing contexts for virtual host 'localhost'
14-Apr-2018 16:36:07.711 INFO [http-nio-8080-exec-381] org.apache.catalina.core.ApplicationContext.log Manager: list: Listing contexts for virtual host 'localhost'
14-Apr-2018 16:36:17.221 INFO [http-nio-8080-exec-378] org.apache.catalina.core.ApplicationContext.log Manager: list: Listing contexts for virtual host 'localhost'
14-Apr-2018 16:36:40.417 INFO [http-nio-8080-exec-383] org.apache.catalina.core.ApplicationContext.log Manager: list: Listing contexts for virtual host 'localhost'
14-Apr-2018 16:36:59.013 INFO [http-nio-8080-exec-377] org.apache.catalina.core.ApplicationContext.log Manager: list: Listing contexts for virtual host 'localhost'
14-Apr-2018 16:38:13.792 INFO [http-nio-8080-exec-383] org.apache.catalina.core.ApplicationContext.log Manager: list: Listing contexts for virtual host 'localhost'
14-Apr-2018 16:38:27.949 INFO [http-nio-8080-exec-380] org.apache.catalina.core.ApplicationContext.log Manager: list: Listing contexts for virtual host 'localhost'
14-Apr-2018 16:40:13.727 INFO [http-nio-8080-exec-381] org.apache.catalina.core.ApplicationContext.log Manager: list: Listing contexts for virtual host 'localhost'
14-Apr-2018 16:40:25.166 INFO [http-nio-8080-exec-380] org.apache.catalina.core.ApplicationContext.log Manager: list: Listing contexts for virtual host 'localhost'
14-Apr-2018 16:40:34.199 INFO [http-nio-8080-exec-384] org.apache.catalina.core.ApplicationContext.log Manager: list: Listing contexts for virtual host 'localhost'
14-Apr-2018 16:40:47.849 INFO [http-nio-8080-exec-380] org.apache.catalina.core.ApplicationContext.log Manager: list: Listing contexts for virtual host 'localhost'
14-Apr-2018 16:41:27.765 INFO [http-nio-8080-exec-380] org.apache.catalina.core.ApplicationContext.log Manager: list: Listing contexts for virtual host 'localhost'
14-Apr-2018 16:41:38.431 INFO [http-nio-8080-exec-384] org.apache.catalina.core.ApplicationContext.log Manager: list: Listing contexts for virtual host 'localhost'
14-Apr-2018 16:42:05.131 INFO [http-nio-8080-exec-378] org.apache.catalina.core.ApplicationContext.log Manager: list: Listing contexts for virtual host 'localhost'
14-Apr-2018 16:42:19.689 INFO [http-nio-8080-exec-375] org.apache.catalina.core.ApplicationContext.log Manager: list: Listing contexts for virtual host 'localhost'
14-Apr-2018 16:43:04.351 INFO [http-nio-8080-exec-381] org.apache.catalina.core.ApplicationContext.log Manager: list: Listing contexts for virtual host 'localhost'
14-Apr-2018 16:43:50.873 INFO [http-nio-8080-exec-381] org.apache.catalina.core.ApplicationContext.log Manager: list: Listing contexts for virtual host 'localhost'
14-Apr-2018 16:44:08.370 INFO [http-nio-8080-exec-381] org.apache.catalina.core.ApplicationContext.log Manager: list: Listing contexts for virtual host 'localhost'
14-Apr-2018 16:49:23.511 INFO [http-nio-8080-exec-384] org.apache.catalina.core.ApplicationContext.log Manager: list: Listing contexts for virtual host 'localhost'
14-Apr-2018 16:50:01.092 INFO [http-nio-8080-exec-380] org.apache.catalina.core.ApplicationContext.log Manager: list: Listing contexts for virtual host 'localhost'
14-Apr-2018 16:50:24.987 INFO [http-nio-8080-exec-379] org.apache.catalina.core.ApplicationContext.log Manager: list: Listing contexts for virtual host 'localhost'
14-Apr-2018 16:51:02.782 INFO [http-nio-8080-exec-376] org.apache.catalina.core.ApplicationContext.log Manager: list: Listing contexts for virtual host 'localhost'
14-Apr-2018 16:51:21.860 INFO [http-nio-8080-exec-376] org.apache.catalina.core.ApplicationContext.log Manager: list: Listing contexts for virtual host 'localhost'
14-Apr-2018 16:52:10.826 INFO [http-nio-8080-exec-382] org.apache.catalina.core.ApplicationContext.log Manager: list: Listing contexts for virtual host 'localhost'
14-Apr-2018 16:53:21.567 INFO [http-nio-8080-exec-383] org.apache.catalina.core.ApplicationContext.log Manager: list: Listing contexts for virtual host 'localhost'
14-Apr-2018 16:55:59.505 INFO [http-nio-8080-exec-379] org.apache.catalina.core.ApplicationContext.log Manager: list: Listing contexts for virtual host 'localhost'
14-Apr-2018 16:56:34.474 INFO [http-nio-8080-exec-383] org.apache.catalina.core.ApplicationContext.log Manager: list: Listing contexts for virtual host 'localhost'
14-Apr-2018 16:58:27.120 INFO [http-nio-8080-exec-380] org.apache.catalina.core.ApplicationContext.log Manager: list: Listing contexts for virtual host 'localhost'
14-Apr-2018 16:59:07.589 INFO [http-nio-8080-exec-380] org.apache.catalina.core.ApplicationContext.log Manager: list: Listing contexts for virtual host 'localhost'
14-Apr-2018 16:59:32.183 INFO [http-nio-8080-exec-381] org.apache.catalina.core.ApplicationContext.log Manager: list: Listing contexts for virtual host 'localhost'
14-Apr-2018 16:59:48.215 INFO [http-nio-8080-exec-377] org.apache.catalina.core.ApplicationContext.log Manager: list: Listing contexts for virtual host 'localhost'
14-Apr-2018 17:01:37.824 INFO [http-nio-8080-exec-377] org.apache.catalina.core.ApplicationContext.log Manager: list: Listing contexts for virtual host 'localhost'
14-Apr-2018 17:02:05.401 INFO [http-nio-8080-exec-375] org.apache.catalina.core.ApplicationContext.log Manager: list: Listing contexts for virtual host 'localhost'
14-Apr-2018 17:02:15.154 INFO [http-nio-8080-exec-384] org.apache.catalina.core.ApplicationContext.log Manager: list: Listing contexts for virtual host 'localhost'
14-Apr-2018 17:05:15.520 INFO [http-nio-8080-exec-375] org.apache.catalina.core.ApplicationContext.log Manager: list: Listing contexts for virtual host 'localhost'
14-Apr-2018 17:05:57.039 INFO [http-nio-8080-exec-381] org.apache.catalina.core.ApplicationContext.log Manager: list: Listing contexts for virtual host 'localhost'
14-Apr-2018 17:08:26.138 INFO [http-nio-8080-exec-380] org.apache.catalina.core.ApplicationContext.log Manager: list: Listing contexts for virtual host 'localhost'
14-Apr-2018 17:08:38.769 INFO [http-nio-8080-exec-381] org.apache.catalina.core.ApplicationContext.log Manager: list: Listing contexts for virtual host 'localhost'
14-Apr-2018 17:09:17.801 INFO [http-nio-8080-exec-384] org.apache.catalina.core.ApplicationContext.log Manager: list: Listing contexts for virtual host 'localhost'
14-Apr-2018 17:09:29.349 INFO [http-nio-8080-exec-382] org.apache.catalina.core.ApplicationContext.log Manager: list: Listing contexts for virtual host 'localhost'
14-Apr-2018 17:09:45.582 INFO [http-nio-8080-exec-384] org.apache.catalina.core.ApplicationContext.log Manager: list: Listing contexts for virtual host 'localhost'
14-Apr-2018 17:10:13.193 INFO [http-nio-8080-exec-383] org.apache.catalina.core.ApplicationContext.log Manager: list: Listing contexts for virtual host 'localhost'
14-Apr-2018 17:18:50.190 INFO [http-nio-8080-exec-383] org.apache.catalina.core.ApplicationContext.log Manager: list: Listing contexts for virtual host 'localhost'
14-Apr-2018 17:18:50.330 INFO [http-nio-8080-exec-381] org.apache.catalina.core.ApplicationContext.log Manager: restart: Reloading web application '/maven'
14-Apr-2018 17:32:05.739 INFO [http-nio-8080-exec-385] org.apache.catalina.core.ApplicationContext.log Manager: list: Listing contexts for virtual host 'localhost'
14-Apr-2018 17:32:05.848 INFO [http-nio-8080-exec-394] org.apache.catalina.core.ApplicationContext.log Manager: restart: Reloading web application '/maven'
14-Apr-2018 17:35:34.036 INFO [http-nio-8080-exec-392] org.apache.catalina.core.ApplicationContext.log Manager: list: Listing contexts for virtual host 'localhost'
14-Apr-2018 17:35:34.192 INFO [http-nio-8080-exec-390] org.apache.catalina.core.ApplicationContext.log Manager: restart: Reloading web application '/maven'
14-Apr-2018 17:36:29.943 INFO [http-nio-8080-exec-397] org.apache.catalina.core.ApplicationContext.log Manager: list: Listing contexts for virtual host 'localhost'
14-Apr-2018 17:36:30.052 INFO [http-nio-8080-exec-392] org.apache.catalina.core.ApplicationContext.log Manager: restart: Reloading web application '/maven'
14-Apr-2018 17:38:35.678 INFO [http-nio-8080-exec-397] org.apache.catalina.core.ApplicationContext.log Manager: list: Listing contexts for virtual host 'localhost'
14-Apr-2018 17:38:35.788 INFO [http-nio-8080-exec-393] org.apache.catalina.core.ApplicationContext.log Manager: restart: Reloading web application '/maven'
14-Apr-2018 17:39:19.534 INFO [http-nio-8080-exec-412] org.apache.catalina.core.ApplicationContext.log Manager: list: Listing contexts for virtual host 'localhost'
14-Apr-2018 17:39:19.675 INFO [http-nio-8080-exec-409] org.apache.catalina.core.ApplicationContext.log Manager: restart: Reloading web application '/maven'
14-Apr-2018 17:42:37.737 INFO [http-nio-8080-exec-418] org.apache.catalina.core.ApplicationContext.log Manager: list: Listing contexts for virtual host 'localhost'
14-Apr-2018 17:44:36.941 INFO [http-nio-8080-exec-419] org.apache.catalina.core.ApplicationContext.log Manager: list: Listing contexts for virtual host 'localhost'
14-Apr-2018 17:44:37.066 INFO [http-nio-8080-exec-420] org.apache.catalina.core.ApplicationContext.log Manager: restart: Reloading web application '/maven'
14-Apr-2018 17:46:11.799 INFO [http-nio-8080-exec-417] org.apache.catalina.core.ApplicationContext.log Manager: list: Listing contexts for virtual host 'localhost'
14-Apr-2018 17:46:53.047 INFO [http-nio-8080-exec-417] org.apache.catalina.core.ApplicationContext.log Manager: list: Listing contexts for virtual host 'localhost'
14-Apr-2018 17:46:53.156 INFO [http-nio-8080-exec-415] org.apache.catalina.core.ApplicationContext.log Manager: restart: Reloading web application '/maven'
14-Apr-2018 17:47:03.876 INFO [http-nio-8080-exec-428] org.apache.catalina.core.ApplicationContext.log Manager: list: Listing contexts for virtual host 'localhost'
14-Apr-2018 17:47:04.017 INFO [http-nio-8080-exec-431] org.apache.catalina.core.ApplicationContext.log Manager: restart: Reloading web application '/maven'
14-Apr-2018 17:50:23.983 INFO [http-nio-8080-exec-436] org.apache.catalina.core.ApplicationContext.log Manager: list: Listing contexts for virtual host 'localhost'
14-Apr-2018 17:50:24.171 INFO [http-nio-8080-exec-439] org.apache.catalina.core.ApplicationContext.log Manager: restart: Reloading web application '/maven'
14-Apr-2018 17:52:11.443 INFO [http-nio-8080-exec-446] org.apache.catalina.core.ApplicationContext.log Manager: list: Listing contexts for virtual host 'localhost'
14-Apr-2018 17:52:11.615 INFO [http-nio-8080-exec-447] org.apache.catalina.core.ApplicationContext.log Manager: restart: Reloading web application '/maven'
14-Apr-2018 20:20:53.394 INFO [http-nio-8080-exec-1] org.apache.catalina.core.ApplicationContext.log Manager: init: Associated with Deployer 'Catalina:type=Deployer,host=localhost'
14-Apr-2018 20:20:53.394 INFO [http-nio-8080-exec-1] org.apache.catalina.core.ApplicationContext.log Manager: init: Global resources are available
14-Apr-2018 20:20:53.410 INFO [http-nio-8080-exec-1] org.apache.catalina.core.ApplicationContext.log Manager: list: Listing contexts for virtual host 'localhost'
14-Apr-2018 20:20:53.441 INFO [http-nio-8080-exec-3] org.apache.catalina.core.ApplicationContext.log Manager: list: Listing contexts for virtual host 'localhost'
14-Apr-2018 20:20:53.676 INFO [http-nio-8080-exec-5] org.apache.catalina.core.ApplicationContext.log Manager: install: Installing context configuration at 'file:/C:/Users/Steve/AppData/Local/Temp/context2074592744216044414.xml'
14-Apr-2018 20:21:35.524 INFO [http-nio-8080-exec-4] org.apache.catalina.core.ApplicationContext.log Manager: start: Starting web application '/maven'
14-Apr-2018 20:28:35.810 INFO [http-nio-8080-exec-7] org.apache.catalina.core.ApplicationContext.log Manager: list: Listing contexts for virtual host 'localhost'
